1: 1x1  
2: 1x2  
3: 1x1  3: 1x2  
4: 2x1  4: 1x2  
5: 1x1  5: 2x2  
6: 1x6  
7: 1x1  7: 1x6  
8: 1x2  8: 1x6  
9: 1x9  
10: 1x1  10: 1x9  
11: 1x2  11: 1x9  
12: 1x1  12: 1x2  12: 1x9  
13: 2x1  13: 1x2  13: 1x9  
14: 1x14  
15: 1x1  15: 1x14  
16: 1x2  16: 1x14  
17: 1x1  17: 1x2  17: 1x14  
18: 2x1  18: 1x2  18: 1x14  
19: 1x1  19: 2x2  19: 1x14  
20: 1x6  20: 1x14  
21: 1x1  21: 1x6  21: 1x14  
22: 1x2  22: 1x6  22: 1x14  
23: 1x9  23: 1x14  
24: 1x1  24: 1x9  24: 1x14  
25: 1x2  25: 1x9  25: 1x14  
26: 1x1  26: 1x2  26: 1x9  26: 1x14  
27: 2x1  27: 1x2  27: 1x9  27: 1x14  
28: 1x1  28: 2x2  28: 1x9  28: 1x14  
29: 1x6  29: 1x9  29: 1x14  
30: 1x1  30: 1x6  30: 1x9  30: 1x14  
31: 1x2  31: 1x6  31: 1x9  31: 1x14  
32: 1x1  32: 1x2  32: 1x6  32: 1x9  32: 1x14  
33: 2x1  33: 1x2  33: 1x6  33: 1x9  33: 1x14  
34: 1x1  34: 2x2  34: 1x6  34: 1x9  34: 1x14  
35: 2x1  35: 2x2  35: 1x6  35: 1x9  35: 1x14  
36: 3x1  36: 2x2  36: 1x6  36: 1x9  36: 1x14  
37: 2x1  37: 3x2  37: 1x6  37: 1x9  37: 1x14  
38: 1x1  38: 1x2  38: 2x6  38: 1x9  38: 1x14  
39: 2x1  39: 1x2  39: 2x6  39: 1x9  39: 1x14  
40: 1x1  40: 2x2  40: 2x6  40: 1x9  40: 1x14  
41: 1x1  41: 1x2  41: 1x6  41: 2x9  41: 1x14  
42: 2x1  42: 1x2  42: 1x6  42: 2x9  42: 1x14  
43: 1x1  43: 2x2  43: 1x6  43: 2x9  43: 1x14  
44: 2x1  44: 2x2  44: 1x6  44: 2x9  44: 1x14  
45: 3x1  45: 2x2  45: 1x6  45: 2x9  45: 1x14  
46: 1x1  46: 1x2  46: 1x6  46: 1x9  46: 2x14  
47: 2x1  47: 1x2  47: 1x6  47: 1x9  47: 2x14  
48: 1x1  48: 2x2  48: 1x6  48: 1x9  48: 2x14  
49: 2x1  49: 2x2  49: 1x6  49: 1x9  49: 2x14  
50: 3x1  50: 2x2  50: 1x6  50: 1x9  50: 2x14  
51: 2x1  51: 3x2  51: 1x6  51: 1x9  51: 2x14  
52: 1x1  52: 1x2  52: 2x6  52: 1x9  52: 2x14  
53: 2x1  53: 1x2  53: 2x6  53: 1x9  53: 2x14  
54: 1x1  54: 2x2  54: 2x6  54: 1x9  54: 2x14  
55: 1x1  55: 1x2  55: 1x6  55: 2x9  55: 2x14  
56: 2x1  56: 1x2  56: 1x6  56: 2x9  56: 2x14  
57: 1x1  57: 2x2  57: 1x6  57: 2x9  57: 2x14  
58: 2x1  58: 2x2  58: 1x6  58: 2x9  58: 2x14  
59: 3x1  59: 2x2  59: 1x6  59: 2x9  59: 2x14  
60: 2x1  60: 3x2  60: 1x6  60: 2x9  60: 2x14  
61: 1x1  61: 1x2  61: 2x6  61: 2x9  61: 2x14  
62: 2x1  62: 1x2  62: 2x6  62: 2x9  62: 2x14  
63: 1x1  63: 2x2  63: 2x6  63: 2x9  63: 2x14  
64: 2x1  64: 2x2  64: 2x6  64: 2x9  64: 2x14  
65: 3x1  65: 2x2  65: 2x6  65: 2x9  65: 2x14  
66: 2x1  66: 3x2  66: 2x6  66: 2x9  66: 2x14  
67: 3x1  67: 3x2  67: 2x6  67: 2x9  67: 2x14  
68: 4x1  68: 3x2  68: 2x6  68: 2x9  68: 2x14  
69: 3x1  69: 4x2  69: 2x6  69: 2x9  69: 2x14  
70: 2x1  70: 2x2  70: 3x6  70: 2x9  70: 2x14  
71: 3x1  71: 2x2  71: 3x6  71: 2x9  71: 2x14  
72: 2x1  72: 3x2  72: 3x6  72: 2x9  72: 2x14  
73: 2x1  73: 2x2  73: 2x6  73: 3x9  73: 2x14  
74: 3x1  74: 2x2  74: 2x6  74: 3x9  74: 2x14  
75: 2x1  75: 3x2  75: 2x6  75: 3x9  75: 2x14  
76: 3x1  76: 3x2  76: 2x6  76: 3x9  76: 2x14  
77: 4x1  77: 3x2  77: 2x6  77: 3x9  77: 2x14  
78: 2x1  78: 2x2  78: 2x6  78: 2x9  78: 3x14  
79: 3x1  79: 2x2  79: 2x6  79: 2x9  79: 3x14  
80: 2x1  80: 3x2  80: 2x6  80: 2x9  80: 3x14  
81: 3x1  81: 3x2  81: 2x6  81: 2x9  81: 3x14  
82: 4x1  82: 3x2  82: 2x6  82: 2x9  82: 3x14  
83: 3x1  83: 4x2  83: 2x6  83: 2x9  83: 3x14  
84: 2x1  84: 2x2  84: 3x6  84: 2x9  84: 3x14  
85: 3x1  85: 2x2  85: 3x6  85: 2x9  85: 3x14  
86: 2x1  86: 3x2  86: 3x6  86: 2x9  86: 3x14  
87: 2x1  87: 2x2  87: 2x6  87: 3x9  87: 3x14  
88: 3x1  88: 2x2  88: 2x6  88: 3x9  88: 3x14  
89: 2x1  89: 3x2  89: 2x6  89: 3x9  89: 3x14  
90: 3x1  90: 3x2  90: 2x6  90: 3x9  90: 3x14  
91: 4x1  91: 3x2  91: 2x6  91: 3x9  91: 3x14  
92: 3x1  92: 4x2  92: 2x6  92: 3x9  92: 3x14  
93: 2x1  93: 2x2  93: 3x6  93: 3x9  93: 3x14  
94: 3x1  94: 2x2  94: 3x6  94: 3x9  94: 3x14  
95: 2x1  95: 3x2  95: 3x6  95: 3x9  95: 3x14  
96: 3x1  96: 3x2  96: 3x6  96: 3x9  96: 3x14  
97: 4x1  97: 3x2  97: 3x6  97: 3x9  97: 3x14  
98: 3x1  98: 4x2  98: 3x6  98: 3x9  98: 3x14  
99: 4x1  99: 4x2  99: 3x6  99: 3x9  99: 3x14  
100: 5x1  100: 4x2  100: 3x6  100: 3x9  100: 3x14  
